[2015-08-28 02:15:10] local.ERROR: exception 'InvalidArgumentException' with message 'Unsupported driver [mysqli]' in /home/pi/code/laravel/vendor/laravel/framework/src/Illuminate/Database/Connectors/ConnectionFactory.php:191
Stack trace:
#0 /home/pi/code/laravel/vendor/laravel/framework/src/Illuminate/Database/Connectors/ConnectionFactory.php(58): Illuminate\Database\Connectors\ConnectionFactory->createConnector(Array)
#1 /home/pi/code/laravel/vendor/laravel/framework/src/Illuminate/Database/Connectors/ConnectionFactory.php(47): Illuminate\Database\Connectors\ConnectionFactory->createSingleConnection(Array)
#2 /home/pi/code/laravel/vendor/laravel/framework/src/Illuminate/Database/DatabaseManager.php(177): Illuminate\Database\Connectors\ConnectionFactory->make(Array, 'mysql')
#3 /home/pi/code/laravel/vendor/laravel/framework/src/Illuminate/Database/DatabaseManager.php(65): Illuminate\Database\DatabaseManager->makeConnection('mysql')
#4 /home/pi/code/laravel/vendor/laravel/framework/src/Illuminate/Database/DatabaseManager.php(304): Illuminate\Database\DatabaseManager->connection()
#5 /home/pi/code/laravel/vendor/laravel/framework/src/Illuminate/Support/Facades/Facade.php(210): Illuminate\Database\DatabaseManager->__call('table', Array)
#6 /home/pi/code/laravel/vendor/laravel/framework/src/Illuminate/Support/Facades/Facade.php(210): Illuminate\Database\DatabaseManager->table('menu')
#7 /home/pi/code/laravel/app/Models/Menu.php(23): Illuminate\Support\Facades\Facade::__callStatic('table', Array)
#8 /home/pi/code/laravel/app/Models/Menu.php(23): Illuminate\Support\Facades\DB::table('menu')
#9 /home/pi/code/laravel/app/Models/Materials.php(21): App\Models\Menu->getByIsParents(1)
#10 /home/pi/code/laravel/app/Http/Controllers/AdminController.php(42): App\Models\Materials->__construct()
#11 [internal function]: App\Http\Controllers\AdminController->getConsole()
#12 /home/pi/code/laravel/vendor/laravel/framework/src/Illuminate/Routing/Controller.php(246): call_user_func_array(Array, Array)
#13 /home/pi/code/laravel/vendor/laravel/framework/src/Illuminate/Routing/ControllerDispatcher.php(162): Illuminate\Routing\Controller->callAction('getConsole', Array)
#14 /home/pi/code/laravel/vendor/laravel/framework/src/Illuminate/Routing/ControllerDispatcher.php(107): Illuminate\Routing\ControllerDispatcher->call(Object(App\Http\Controllers\AdminController), Object(Illuminate\Routing\Route), 'getConsole')
#15 [internal function]: Illuminate\Routing\ControllerDispatcher->Illuminate\Routing\{closure}(Object(Illuminate\Http\Request))
#16 /home/pi/code/laravel/vendor/laravel/framework/src/Illuminate/Pipeline/Pipeline.php(141): call_user_func(Object(Closure), Object(Illuminate\Http\Request))
#17 [internal function]: Illuminate\Pipeline\Pipeline->Illuminate\Pipeline\{closure}(Object(Illuminate\Http\Request))
#18 /home/pi/code/laravel/vendor/laravel/framework/src/Illuminate/Pipeline/Pipeline.php(101): call_user_func(Object(Closure), Object(Illuminate\Http\Request))
#19 /home/pi/code/laravel/vendor/laravel/framework/src/Illuminate/Routing/ControllerDispatcher.php(108): Illuminate\Pipeline\Pipeline->then(Object(Closure))
#20 /home/pi/code/laravel/vendor/laravel/framework/src/Illuminate/Routing/ControllerDispatcher.php(67): Illuminate\Routing\ControllerDispatcher->callWithinStack(Object(App\Http\Controllers\AdminController), Object(Illuminate\Routing\Route), Object(Illuminate\Http\Request), 'getConsole')
#21 /home/pi/code/laravel/vendor/laravel/framework/src/Illuminate/Routing/Route.php(198): Illuminate\Routing\ControllerDispatcher->dispatch(Object(Illuminate\Routing\Route), Object(Illuminate\Http\Request), 'App\\Http\\Contro...', 'getConsole')
#22 /home/pi/code/laravel/vendor/laravel/framework/src/Illuminate/Routing/Route.php(131): Illuminate\Routing\Route->runWithCustomDispatcher(Object(Illuminate\Http\Request))
#23 /home/pi/code/laravel/vendor/laravel/framework/src/Illuminate/Routing/Router.php(691): Illuminate\Routing\Route->run(Object(Illuminate\Http\Request))
#24 [internal function]: Illuminate\Routing\Router->Illuminate\Routing\{closure}(Object(Illuminate\Http\Request))
#25 /home/pi/code/laravel/vendor/laravel/framework/src/Illuminate/Pipeline/Pipeline.php(141): call_user_func(Object(Closure), Object(Illuminate\Http\Request))
#26 [internal function]: Illuminate\Pipeline\Pipeline->Illuminate\Pipeline\{closure}(Object(Illuminate\Http\Request))
#27 /home/pi/code/laravel/vendor/laravel/framework/src/Illuminate/Pipeline/Pipeline.php(101): call_user_func(Object(Closure), Object(Illuminate\Http\Request))
#28 /home/pi/code/laravel/vendor/laravel/framework/src/Illuminate/Routing/Router.php(693): Illuminate\Pipeline\Pipeline->then(Object(Closure))
#29 /home/pi/code/laravel/vendor/laravel/framework/src/Illuminate/Routing/Router.php(660): Illuminate\Routing\Router->runRouteWithinStack(Object(Illuminate\Routing\Route), Object(Illuminate\Http\Request))
#30 /home/pi/code/laravel/vendor/laravel/framework/src/Illuminate/Routing/Router.php(618): Illuminate\Routing\Router->dispatchToRoute(Object(Illuminate\Http\Request))
#31 /home/pi/code/laravel/vendor/laravel/framework/src/Illuminate/Foundation/Http/Kernel.php(210): Illuminate\Routing\Router->dispatch(Object(Illuminate\Http\Request))
#32 [internal function]: Illuminate\Foundation\Http\Kernel->Illuminate\Foundation\Http\{closure}(Object(Illuminate\Http\Request))
#33 /home/pi/code/laravel/vendor/laravel/framework/src/Illuminate/Pipeline/Pipeline.php(141): call_user_func(Object(Closure), Object(Illuminate\Http\Request))
#34 /home/pi/code/laravel/vendor/laravel/framework/src/Illuminate/View/Middleware/ShareErrorsFromSession.php(55): Illuminate\Pipeline\Pipeline->Illuminate\Pipeline\{closure}(Object(Illuminate\Http\Request))
#35 /home/pi/code/laravel/vendor/laravel/framework/src/Illuminate/Pipeline/Pipeline.php(125): Illuminate\View\Middleware\ShareErrorsFromSession->handle(Object(Illuminate\Http\Request), Object(Closure))
#36 /home/pi/code/laravel/vendor/laravel/framework/src/Illuminate/Session/Middleware/StartSession.php(61): Illuminate\Pipeline\Pipeline->Illuminate\Pipeline\{closure}(Object(Illuminate\Http\Request))
#37 /home/pi/code/laravel/vendor/laravel/framework/src/Illuminate/Pipeline/Pipeline.php(125): Illuminate\Session\Middleware\StartSession->handle(Object(Illuminate\Http\Request), Object(Closure))
#38 /home/pi/code/laravel/vendor/laravel/framework/src/Illuminate/Cookie/Middleware/AddQueuedCookiesToResponse.php(36): Illuminate\Pipeline\Pipeline->Illuminate\Pipeline\{closure}(Object(Illuminate\Http\Request))
#39 /home/pi/code/laravel/vendor/laravel/framework/src/Illuminate/Pipeline/Pipeline.php(125): Illuminate\Cookie\Middleware\AddQueuedCookiesToResponse->handle(Object(Illuminate\Http\Request), Object(Closure))
#40 /home/pi/code/laravel/vendor/laravel/framework/src/Illuminate/Cookie/Middleware/EncryptCookies.php(40): Illuminate\Pipeline\Pipeline->Illuminate\Pipeline\{closure}(Object(Illuminate\Http\Request))
#41 /home/pi/code/laravel/vendor/laravel/framework/src/Illuminate/Pipeline/Pipeline.php(125): Illuminate\Cookie\Middleware\EncryptCookies->handle(Object(Illuminate\Http\Request), Object(Closure))
#42 /home/pi/code/laravel/vendor/laravel/framework/src/Illuminate/Foundation/Http/Middleware/CheckForMaintenanceMode.php(42): Illuminate\Pipeline\Pipeline->Illuminate\Pipeline\{closure}(Object(Illuminate\Http\Request))
#43 /home/pi/code/laravel/vendor/laravel/framework/src/Illuminate/Pipeline/Pipeline.php(125): Illuminate\Foundation\Http\Middleware\CheckForMaintenanceMode->handle(Object(Illuminate\Http\Request), Object(Closure))
#44 [internal function]: Illuminate\Pipeline\Pipeline->Illuminate\Pipeline\{closure}(Object(Illuminate\Http\Request))
#45 /home/pi/code/laravel/vendor/laravel/framework/src/Illuminate/Pipeline/Pipeline.php(101): call_user_func(Object(Closure), Object(Illuminate\Http\Request))
#46 /home/pi/code/laravel/vendor/laravel/framework/src/Illuminate/Foundation/Http/Kernel.php(111): Illuminate\Pipeline\Pipeline->then(Object(Closure))
#47 /home/pi/code/laravel/vendor/laravel/framework/src/Illuminate/Foundation/Http/Kernel.php(84): Illuminate\Foundation\Http\Kernel->sendRequestThroughRouter(Object(Illuminate\Http\Request))
#48 /home/pi/code/laravel/public/index.php(54): Illuminate\Foundation\Http\Kernel->handle(Object(Illuminate\Http\Request))
#49 {main}  
[2015-08-28 02:15:21] local.ERROR: exception 'InvalidArgumentException' with message 'Unsupported driver [mysqlnd]' in /home/pi/code/laravel/vendor/laravel/framework/src/Illuminate/Database/Connectors/ConnectionFactory.php:191
Stack trace:
#0 /home/pi/code/laravel/vendor/laravel/framework/src/Illuminate/Database/Connectors/ConnectionFactory.php(58): Illuminate\Database\Connectors\ConnectionFactory->createConnector(Array)
#1 /home/pi/code/laravel/vendor/laravel/framework/src/Illuminate/Database/Connectors/ConnectionFactory.php(47): Illuminate\Database\Connectors\ConnectionFactory->createSingleConnection(Array)
#2 /home/pi/code/laravel/vendor/laravel/framework/src/Illuminate/Database/DatabaseManager.php(177): Illuminate\Database\Connectors\ConnectionFactory->make(Array, 'mysql')
#3 /home/pi/code/laravel/vendor/laravel/framework/src/Illuminate/Database/DatabaseManager.php(65): Illuminate\Database\DatabaseManager->makeConnection('mysql')
#4 /home/pi/code/laravel/vendor/laravel/framework/src/Illuminate/Database/DatabaseManager.php(304): Illuminate\Database\DatabaseManager->connection()
#5 /home/pi/code/laravel/vendor/laravel/framework/src/Illuminate/Support/Facades/Facade.php(210): Illuminate\Database\DatabaseManager->__call('table', Array)
#6 /home/pi/code/laravel/vendor/laravel/framework/src/Illuminate/Support/Facades/Facade.php(210): Illuminate\Database\DatabaseManager->table('menu')
#7 /home/pi/code/laravel/app/Models/Menu.php(23): Illuminate\Support\Facades\Facade::__callStatic('table', Array)
#8 /home/pi/code/laravel/app/Models/Menu.php(23): Illuminate\Support\Facades\DB::table('menu')
#9 /home/pi/code/laravel/app/Models/Materials.php(21): App\Models\Menu->getByIsParents(1)
#10 /home/pi/code/laravel/app/Http/Controllers/AdminController.php(42): App\Models\Materials->__construct()
#11 [internal function]: App\Http\Controllers\AdminController->getConsole()
#12 /home/pi/code/laravel/vendor/laravel/framework/src/Illuminate/Routing/Controller.php(246): call_user_func_array(Array, Array)
#13 /home/pi/code/laravel/vendor/laravel/framework/src/Illuminate/Routing/ControllerDispatcher.php(162): Illuminate\Routing\Controller->callAction('getConsole', Array)
#14 /home/pi/code/laravel/vendor/laravel/framework/src/Illuminate/Routing/ControllerDispatcher.php(107): Illuminate\Routing\ControllerDispatcher->call(Object(App\Http\Controllers\AdminController), Object(Illuminate\Routing\Route), 'getConsole')
#15 [internal function]: Illuminate\Routing\ControllerDispatcher->Illuminate\Routing\{closure}(Object(Illuminate\Http\Request))
#16 /home/pi/code/laravel/vendor/laravel/framework/src/Illuminate/Pipeline/Pipeline.php(141): call_user_func(Object(Closure), Object(Illuminate\Http\Request))
#17 [internal function]: Illuminate\Pipeline\Pipeline->Illuminate\Pipeline\{closure}(Object(Illuminate\Http\Request))
#18 /home/pi/code/laravel/vendor/laravel/framework/src/Illuminate/Pipeline/Pipeline.php(101): call_user_func(Object(Closure), Object(Illuminate\Http\Request))
#19 /home/pi/code/laravel/vendor/laravel/framework/src/Illuminate/Routing/ControllerDispatcher.php(108): Illuminate\Pipeline\Pipeline->then(Object(Closure))
#20 /home/pi/code/laravel/vendor/laravel/framework/src/Illuminate/Routing/ControllerDispatcher.php(67): Illuminate\Routing\ControllerDispatcher->callWithinStack(Object(App\Http\Controllers\AdminController), Object(Illuminate\Routing\Route), Object(Illuminate\Http\Request), 'getConsole')
#21 /home/pi/code/laravel/vendor/laravel/framework/src/Illuminate/Routing/Route.php(198): Illuminate\Routing\ControllerDispatcher->dispatch(Object(Illuminate\Routing\Route), Object(Illuminate\Http\Request), 'App\\Http\\Contro...', 'getConsole')
#22 /home/pi/code/laravel/vendor/laravel/framework/src/Illuminate/Routing/Route.php(131): Illuminate\Routing\Route->runWithCustomDispatcher(Object(Illuminate\Http\Request))
#23 /home/pi/code/laravel/vendor/laravel/framework/src/Illuminate/Routing/Router.php(691): Illuminate\Routing\Route->run(Object(Illuminate\Http\Request))
#24 [internal function]: Illuminate\Routing\Router->Illuminate\Routing\{closure}(Object(Illuminate\Http\Request))
#25 /home/pi/code/laravel/vendor/laravel/framework/src/Illuminate/Pipeline/Pipeline.php(141): call_user_func(Object(Closure), Object(Illuminate\Http\Request))
#26 [internal function]: Illuminate\Pipeline\Pipeline->Illuminate\Pipeline\{closure}(Object(Illuminate\Http\Request))
#27 /home/pi/code/laravel/vendor/laravel/framework/src/Illuminate/Pipeline/Pipeline.php(101): call_user_func(Object(Closure), Object(Illuminate\Http\Request))
#28 /home/pi/code/laravel/vendor/laravel/framework/src/Illuminate/Routing/Router.php(693): Illuminate\Pipeline\Pipeline->then(Object(Closure))
#29 /home/pi/code/laravel/vendor/laravel/framework/src/Illuminate/Routing/Router.php(660): Illuminate\Routing\Router->runRouteWithinStack(Object(Illuminate\Routing\Route), Object(Illuminate\Http\Request))
#30 /home/pi/code/laravel/vendor/laravel/framework/src/Illuminate/Routing/Router.php(618): Illuminate\Routing\Router->dispatchToRoute(Object(Illuminate\Http\Request))
#31 /home/pi/code/laravel/vendor/laravel/framework/src/Illuminate/Foundation/Http/Kernel.php(210): Illuminate\Routing\Router->dispatch(Object(Illuminate\Http\Request))
#32 [internal function]: Illuminate\Foundation\Http\Kernel->Illuminate\Foundation\Http\{closure}(Object(Illuminate\Http\Request))
#33 /home/pi/code/laravel/vendor/laravel/framework/src/Illuminate/Pipeline/Pipeline.php(141): call_user_func(Object(Closure), Object(Illuminate\Http\Request))
#34 /home/pi/code/laravel/vendor/laravel/framework/src/Illuminate/View/Middleware/ShareErrorsFromSession.php(55): Illuminate\Pipeline\Pipeline->Illuminate\Pipeline\{closure}(Object(Illuminate\Http\Request))
#35 /home/pi/code/laravel/vendor/laravel/framework/src/Illuminate/Pipeline/Pipeline.php(125): Illuminate\View\Middleware\ShareErrorsFromSession->handle(Object(Illuminate\Http\Request), Object(Closure))
#36 /home/pi/code/laravel/vendor/laravel/framework/src/Illuminate/Session/Middleware/StartSession.php(61): Illuminate\Pipeline\Pipeline->Illuminate\Pipeline\{closure}(Object(Illuminate\Http\Request))
#37 /home/pi/code/laravel/vendor/laravel/framework/src/Illuminate/Pipeline/Pipeline.php(125): Illuminate\Session\Middleware\StartSession->handle(Object(Illuminate\Http\Request), Object(Closure))
#38 /home/pi/code/laravel/vendor/laravel/framework/src/Illuminate/Cookie/Middleware/AddQueuedCookiesToResponse.php(36): Illuminate\Pipeline\Pipeline->Illuminate\Pipeline\{closure}(Object(Illuminate\Http\Request))
#39 /home/pi/code/laravel/vendor/laravel/framework/src/Illuminate/Pipeline/Pipeline.php(125): Illuminate\Cookie\Middleware\AddQueuedCookiesToResponse->handle(Object(Illuminate\Http\Request), Object(Closure))
#40 /home/pi/code/laravel/vendor/laravel/framework/src/Illuminate/Cookie/Middleware/EncryptCookies.php(40): Illuminate\Pipeline\Pipeline->Illuminate\Pipeline\{closure}(Object(Illuminate\Http\Request))
#41 /home/pi/code/laravel/vendor/laravel/framework/src/Illuminate/Pipeline/Pipeline.php(125): Illuminate\Cookie\Middleware\EncryptCookies->handle(Object(Illuminate\Http\Request), Object(Closure))
#42 /home/pi/code/laravel/vendor/laravel/framework/src/Illuminate/Foundation/Http/Middleware/CheckForMaintenanceMode.php(42): Illuminate\Pipeline\Pipeline->Illuminate\Pipeline\{closure}(Object(Illuminate\Http\Request))
#43 /home/pi/code/laravel/vendor/laravel/framework/src/Illuminate/Pipeline/Pipeline.php(125): Illuminate\Foundation\Http\Middleware\CheckForMaintenanceMode->handle(Object(Illuminate\Http\Request), Object(Closure))
#44 [internal function]: Illuminate\Pipeline\Pipeline->Illuminate\Pipeline\{closure}(Object(Illuminate\Http\Request))
#45 /home/pi/code/laravel/vendor/laravel/framework/src/Illuminate/Pipeline/Pipeline.php(101): call_user_func(Object(Closure), Object(Illuminate\Http\Request))
#46 /home/pi/code/laravel/vendor/laravel/framework/src/Illuminate/Foundation/Http/Kernel.php(111): Illuminate\Pipeline\Pipeline->then(Object(Closure))
#47 /home/pi/code/laravel/vendor/laravel/framework/src/Illuminate/Foundation/Http/Kernel.php(84): Illuminate\Foundation\Http\Kernel->sendRequestThroughRouter(Object(Illuminate\Http\Request))
#48 /home/pi/code/laravel/public/index.php(54): Illuminate\Foundation\Http\Kernel->handle(Object(Illuminate\Http\Request))
#49 {main}  
